<?xml version="1.0" encoding="UTF-8"?>
<!-- Generated by org.testng.reporters.JUnitReportReporter -->
<testsuite hostname="DESKTOP-S34PMRF" failures="0" tests="11" name="com.sgtesting.Testng.scenarios.AssgnQ6" time="76.628" errors="0" timestamp="2021-11-17T10:52:57 IST" skipped="0">
  <testcase classname="com.sgtesting.Testng.scenarios.AssgnQ6" name="launchBrowser" time="7.482"/>
  <system-out/>
  <testcase classname="com.sgtesting.Testng.scenarios.AssgnQ6" name="navigate" time="4.240"/>
  <system-out/>
  <testcase classname="com.sgtesting.Testng.scenarios.AssgnQ6" name="login" time="3.474"/>
  <system-out/>
  <testcase classname="com.sgtesting.Testng.scenarios.AssgnQ6" name="minimizeFlyoutWindow" time="6.984"/>
  <system-out/>
  <testcase classname="com.sgtesting.Testng.scenarios.AssgnQ6" name="CreateCustomer" time="16.373"/>
  <system-out/>
  <testcase classname="com.sgtesting.Testng.scenarios.AssgnQ6" name="createProject" time="6.558"/>
  <system-out/>
  <testcase classname="com.sgtesting.Testng.scenarios.AssgnQ6" name="modifyProject" time="8.535"/>
  <system-out/>
  <testcase classname="com.sgtesting.Testng.scenarios.AssgnQ6" name="deleteProject" time="8.545"/>
  <system-out/>
  <testcase classname="com.sgtesting.Testng.scenarios.AssgnQ6" name="deleteCustomer" time="11.544"/>
  <system-out/>
  <testcase classname="com.sgtesting.Testng.scenarios.AssgnQ6" name="logout" time="2.455"/>
  <system-out/>
  <testcase classname="com.sgtesting.Testng.scenarios.AssgnQ6" name="closeApplication" time="0.438"/>
  <system-out/>
</testsuite> <!-- com.sgtesting.Testng.scenarios.AssgnQ6 -->
