<?xml version="1.0" encoding="UTF-8"?>
<!-- Generated by org.testng.reporters.JUnitReportReporter -->
<testsuite hostname="DESKTOP-S34PMRF" failures="0" tests="9" name="com.sgtesting.Testng.scenarios.AssgnQ4" time="56.573" errors="0" timestamp="2021-11-17T11:10:38 IST" skipped="0">
  <testcase classname="com.sgtesting.Testng.scenarios.AssgnQ4" name="launchBrowser" time="3.713"/>
  <system-out/>
  <testcase classname="com.sgtesting.Testng.scenarios.AssgnQ4" name="navigate" time="3.919"/>
  <system-out/>
  <testcase classname="com.sgtesting.Testng.scenarios.AssgnQ4" name="login" time="6.481"/>
  <system-out/>
  <testcase classname="com.sgtesting.Testng.scenarios.AssgnQ4" name="minimizeFlyoutWindow" time="2.160"/>
  <system-out/>
  <testcase classname="com.sgtesting.Testng.scenarios.AssgnQ4" name="createCustomer" time="13.307"/>
  <system-out/>
  <testcase classname="com.sgtesting.Testng.scenarios.AssgnQ4" name="modifyCustomer" time="12.690"/>
  <system-out/>
  <testcase classname="com.sgtesting.Testng.scenarios.AssgnQ4" name="deleteUser" time="11.531"/>
  <system-out/>
  <testcase classname="com.sgtesting.Testng.scenarios.AssgnQ4" name="logout" time="2.446"/>
  <system-out/>
  <testcase classname="com.sgtesting.Testng.scenarios.AssgnQ4" name="closeApplication" time="0.326"/>
  <system-out/>
</testsuite> <!-- com.sgtesting.Testng.scenarios.AssgnQ4 -->
