<?xml version="1.0" encoding="UTF-8"?>
<!-- Generated by org.testng.reporters.JUnitReportReporter -->
<testsuite hostname="DESKTOP-S34PMRF" failures="0" tests="9" name="com.sgtesting.Testng.scenarios.AssgnQ2" time="53.621" errors="0" timestamp="2021-11-16T23:25:56 IST" skipped="0">
  <testcase classname="com.sgtesting.Testng.scenarios.AssgnQ2" name="launchBrowser" time="3.884"/>
  <system-out/>
  <testcase classname="com.sgtesting.Testng.scenarios.AssgnQ2" name="navigate" time="2.607"/>
  <system-out/>
  <testcase classname="com.sgtesting.Testng.scenarios.AssgnQ2" name="login" time="6.361"/>
  <system-out/>
  <testcase classname="com.sgtesting.Testng.scenarios.AssgnQ2" name="minimizeFlyoutWindow" time="2.142"/>
  <system-out/>
  <testcase classname="com.sgtesting.Testng.scenarios.AssgnQ2" name="createUser" time="16.578"/>
  <system-out/>
  <testcase classname="com.sgtesting.Testng.scenarios.AssgnQ2" name="modifyUser" time="9.466"/>
  <system-out/>
  <testcase classname="com.sgtesting.Testng.scenarios.AssgnQ2" name="deleteUser" time="9.295"/>
  <system-out/>
  <testcase classname="com.sgtesting.Testng.scenarios.AssgnQ2" name="logout" time="2.761"/>
  <system-out/>
  <testcase classname="com.sgtesting.Testng.scenarios.AssgnQ2" name="closeApplication" time="0.527"/>
  <system-out/>
</testsuite> <!-- com.sgtesting.Testng.scenarios.AssgnQ2 -->
