<?xml version="1.0" encoding="UTF-8"?>
<!-- Generated by org.testng.reporters.JUnitReportReporter -->
<testsuite hostname="DESKTOP-S34PMRF" failures="0" tests="11" name="com.sgtesting.Testng.scenarios.Assign6" time="64.812" errors="0" timestamp="2021-11-17T10:55:25 IST" skipped="0">
  <testcase classname="com.sgtesting.Testng.scenarios.Assign6" name="launchBrowser" time="3.822"/>
  <system-out/>
  <testcase classname="com.sgtesting.Testng.scenarios.Assign6" name="navigate" time="3.767"/>
  <system-out/>
  <testcase classname="com.sgtesting.Testng.scenarios.Assign6" name="login" time="3.443"/>
  <system-out/>
  <testcase classname="com.sgtesting.Testng.scenarios.Assign6" name="minimizeFlyoutWindow" time="2.138"/>
  <system-out/>
  <testcase classname="com.sgtesting.Testng.scenarios.Assign6" name="CreateCustomer" time="13.528"/>
  <system-out/>
  <testcase classname="com.sgtesting.Testng.scenarios.Assign6" name="createProject" time="6.565"/>
  <system-out/>
  <testcase classname="com.sgtesting.Testng.scenarios.Assign6" name="modifyProject" time="8.620"/>
  <system-out/>
  <testcase classname="com.sgtesting.Testng.scenarios.Assign6" name="deleteProject" time="8.562"/>
  <system-out/>
  <testcase classname="com.sgtesting.Testng.scenarios.Assign6" name="deleteCustomer" time="11.564"/>
  <system-out/>
  <testcase classname="com.sgtesting.Testng.scenarios.Assign6" name="logout" time="2.475"/>
  <system-out/>
  <testcase classname="com.sgtesting.Testng.scenarios.Assign6" name="closeApplication" time="0.328"/>
  <system-out/>
</testsuite> <!-- com.sgtesting.Testng.scenarios.Assign6 -->
