<?xml version="1.0" encoding="UTF-8"?>
<!-- Generated by org.testng.reporters.JUnitReportReporter -->
<testsuite hostname="DESKTOP-S34PMRF" failures="0" tests="8" name="com.sgtesting.Testng.scenarios.Assign3" time="42.664" errors="0" timestamp="2021-11-16T23:50:37 IST" skipped="0">
  <testcase classname="com.sgtesting.Testng.scenarios.Assign3" name="launchBrowser" time="2.177"/>
  <system-out/>
  <testcase classname="com.sgtesting.Testng.scenarios.Assign3" name="navigate" time="3.537"/>
  <system-out/>
  <testcase classname="com.sgtesting.Testng.scenarios.Assign3" name="login" time="6.359"/>
  <system-out/>
  <testcase classname="com.sgtesting.Testng.scenarios.Assign3" name="minimizeFlyoutWindow" time="2.124"/>
  <system-out/>
  <testcase classname="com.sgtesting.Testng.scenarios.Assign3" name="CreateCustomer" time="13.938"/>
  <system-out/>
  <testcase classname="com.sgtesting.Testng.scenarios.Assign3" name="deleteCustomer" time="11.477"/>
  <system-out/>
  <testcase classname="com.sgtesting.Testng.scenarios.Assign3" name="logout" time="2.756"/>
  <system-out/>
  <testcase classname="com.sgtesting.Testng.scenarios.Assign3" name="closeApplication" time="0.296"/>
  <system-out/>
</testsuite> <!-- com.sgtesting.Testng.scenarios.Assign3 -->
