<?xml version="1.0" encoding="UTF-8"?>
<!-- Generated by org.testng.reporters.JUnitReportReporter -->
<testsuite hostname="DESKTOP-S34PMRF" failures="0" tests="8" name="com.sgtesting.Testng.scenarios.AssgnQ1" time="39.823" errors="0" timestamp="2021-11-17T10:59:54 IST" skipped="0">
  <testcase classname="com.sgtesting.Testng.scenarios.AssgnQ1" name="launchBrowser" time="3.879"/>
  <system-out/>
  <testcase classname="com.sgtesting.Testng.scenarios.AssgnQ1" name="navigate" time="3.466"/>
  <system-out/>
  <testcase classname="com.sgtesting.Testng.scenarios.AssgnQ1" name="login" time="6.385"/>
  <system-out/>
  <testcase classname="com.sgtesting.Testng.scenarios.AssgnQ1" name="minimizeFlyoutWindow" time="2.147"/>
  <system-out/>
  <testcase classname="com.sgtesting.Testng.scenarios.AssgnQ1" name="CreateUser" time="11.717"/>
  <system-out/>
  <testcase classname="com.sgtesting.Testng.scenarios.AssgnQ1" name="deleteUser" time="9.344"/>
  <system-out/>
  <testcase classname="com.sgtesting.Testng.scenarios.AssgnQ1" name="logout" time="2.509"/>
  <system-out/>
  <testcase classname="com.sgtesting.Testng.scenarios.AssgnQ1" name="closeApplication" time="0.376"/>
  <system-out/>
</testsuite> <!-- com.sgtesting.Testng.scenarios.AssgnQ1 -->
