<?xml version="1.0" encoding="UTF-8"?>
<!-- Generated by org.testng.reporters.JUnitReportReporter -->
<testsuite hostname="DESKTOP-S34PMRF" failures="0" tests="8" name="com.sgtesting.Testng.scenarios.AssgnQ3" time="44.424" errors="0" timestamp="2021-11-16T23:36:29 IST" skipped="0">
  <testcase classname="com.sgtesting.Testng.scenarios.AssgnQ3" name="launchBrowser" time="4.062"/>
  <system-out/>
  <testcase classname="com.sgtesting.Testng.scenarios.AssgnQ3" name="navigate" time="3.807"/>
  <system-out/>
  <testcase classname="com.sgtesting.Testng.scenarios.AssgnQ3" name="login" time="6.364"/>
  <system-out/>
  <testcase classname="com.sgtesting.Testng.scenarios.AssgnQ3" name="minimizeFlyoutWindow" time="2.156"/>
  <system-out/>
  <testcase classname="com.sgtesting.Testng.scenarios.AssgnQ3" name="CreateCustomer" time="13.774"/>
  <system-out/>
  <testcase classname="com.sgtesting.Testng.scenarios.AssgnQ3" name="deleteCustomer" time="11.507"/>
  <system-out/>
  <testcase classname="com.sgtesting.Testng.scenarios.AssgnQ3" name="logout" time="2.394"/>
  <system-out/>
  <testcase classname="com.sgtesting.Testng.scenarios.AssgnQ3" name="closeApplication" time="0.360"/>
  <system-out/>
</testsuite> <!-- com.sgtesting.Testng.scenarios.AssgnQ3 -->
