<?xml version="1.0" encoding="UTF-8"?>
<!-- Generated by org.testng.reporters.JUnitReportReporter -->
<testsuite hostname="DESKTOP-S34PMRF" failures="0" tests="9" name="com.sgtesting.Testng.scenarios.Assign2" time="49.178" errors="0" timestamp="2021-11-16T23:50:37 IST" skipped="0">
  <testcase classname="com.sgtesting.Testng.scenarios.Assign2" name="launchBrowser" time="3.843"/>
  <system-out/>
  <testcase classname="com.sgtesting.Testng.scenarios.Assign2" name="navigate" time="3.653"/>
  <system-out/>
  <testcase classname="com.sgtesting.Testng.scenarios.Assign2" name="login" time="6.371"/>
  <system-out/>
  <testcase classname="com.sgtesting.Testng.scenarios.Assign2" name="minimizeFlyoutWindow" time="2.127"/>
  <system-out/>
  <testcase classname="com.sgtesting.Testng.scenarios.Assign2" name="createUser" time="11.504"/>
  <system-out/>
  <testcase classname="com.sgtesting.Testng.scenarios.Assign2" name="modifyUser" time="9.462"/>
  <system-out/>
  <testcase classname="com.sgtesting.Testng.scenarios.Assign2" name="deleteUser" time="9.282"/>
  <system-out/>
  <testcase classname="com.sgtesting.Testng.scenarios.Assign2" name="logout" time="2.407"/>
  <system-out/>
  <testcase classname="com.sgtesting.Testng.scenarios.Assign2" name="closeApplication" time="0.529"/>
  <system-out/>
</testsuite> <!-- com.sgtesting.Testng.scenarios.Assign2 -->
