<?xml version="1.0" encoding="UTF-8"?>
<!-- Generated by org.testng.reporters.JUnitReportReporter -->
<testsuite hostname="DESKTOP-S34PMRF" failures="0" tests="10" name="com.sgtesting.Testng.scenarios.Assgn5" time="55.697" errors="0" timestamp="2021-11-17T11:19:52 IST" skipped="0">
  <testcase classname="com.sgtesting.Testng.scenarios.Assgn5" name="launchBrowser" time="4.259"/>
  <system-out/>
  <testcase classname="com.sgtesting.Testng.scenarios.Assgn5" name="navigate" time="3.070"/>
  <system-out/>
  <testcase classname="com.sgtesting.Testng.scenarios.Assgn5" name="login" time="6.496"/>
  <system-out/>
  <testcase classname="com.sgtesting.Testng.scenarios.Assgn5" name="minimizeFlyoutWindow" time="2.135"/>
  <system-out/>
  <testcase classname="com.sgtesting.Testng.scenarios.Assgn5" name="CreateCustomer" time="10.243"/>
  <system-out/>
  <testcase classname="com.sgtesting.Testng.scenarios.Assgn5" name="createProject" time="6.579"/>
  <system-out/>
  <testcase classname="com.sgtesting.Testng.scenarios.Assgn5" name="deleteProject" time="8.570"/>
  <system-out/>
  <testcase classname="com.sgtesting.Testng.scenarios.Assgn5" name="deleteCustomer" time="11.575"/>
  <system-out/>
  <testcase classname="com.sgtesting.Testng.scenarios.Assgn5" name="logout" time="2.444"/>
  <system-out/>
  <testcase classname="com.sgtesting.Testng.scenarios.Assgn5" name="closeApplication" time="0.326"/>
  <system-out/>
</testsuite> <!-- com.sgtesting.Testng.scenarios.Assgn5 -->
