<?xml version="1.0" encoding="UTF-8"?>
<!-- Generated by org.testng.reporters.JUnitReportReporter -->
<testsuite hostname="DESKTOP-S34PMRF" failures="0" tests="8" name="com.sgtesting.Testng.scenarios.Assign1" time="37.853" errors="0" timestamp="2021-11-17T11:26:24 IST" skipped="0">
  <testcase classname="com.sgtesting.Testng.scenarios.Assign1" name="launchBrowser" time="5.765"/>
  <system-out/>
  <testcase classname="com.sgtesting.Testng.scenarios.Assign1" name="navigate" time="3.952"/>
  <system-out/>
  <testcase classname="com.sgtesting.Testng.scenarios.Assign1" name="login" time="6.420"/>
  <system-out/>
  <testcase classname="com.sgtesting.Testng.scenarios.Assign1" name="minimizeFlyoutWindow" time="2.138"/>
  <system-out/>
  <testcase classname="com.sgtesting.Testng.scenarios.Assign1" name="CreateUser" time="8.384"/>
  <system-out/>
  <testcase classname="com.sgtesting.Testng.scenarios.Assign1" name="deleteUser" time="8.356"/>
  <system-out/>
  <testcase classname="com.sgtesting.Testng.scenarios.Assign1" name="logout" time="2.419"/>
  <system-out/>
  <testcase classname="com.sgtesting.Testng.scenarios.Assign1" name="closeApplication" time="0.419"/>
  <system-out/>
</testsuite> <!-- com.sgtesting.Testng.scenarios.Assign1 -->
