<?xml version="1.0" encoding="UTF-8"?>
<!-- Generated by org.testng.reporters.JUnitReportReporter -->
<testsuite hostname="DESKTOP-S34PMRF" failures="0" tests="9" name="com.sgtesting.ActiTime.scenarios.Demo2" time="30.618" errors="0" timestamp="2021-11-16T22:34:47 IST" skipped="0">
  <testcase classname="com.sgtesting.ActiTime.scenarios.Demo2" name="launchBrowser" time="3.891"/>
  <system-out/>
  <testcase classname="com.sgtesting.ActiTime.scenarios.Demo2" name="navigate" time="3.157"/>
  <system-out/>
  <testcase classname="com.sgtesting.ActiTime.scenarios.Demo2" name="login" time="1.360"/>
  <system-out/>
  <testcase classname="com.sgtesting.ActiTime.scenarios.Demo2" name="minimizeFlyOutWindow" time="1.975"/>
  <system-out/>
  <testcase classname="com.sgtesting.ActiTime.scenarios.Demo2" name="createUser" time="11.314"/>
  <system-out/>
  <testcase classname="com.sgtesting.ActiTime.scenarios.Demo2" name="modifyUser" time="3.362"/>
  <system-out/>
  <testcase classname="com.sgtesting.ActiTime.scenarios.Demo2" name="deleteUser" time="3.267"/>
  <system-out/>
  <testcase classname="com.sgtesting.ActiTime.scenarios.Demo2" name="logout" time="1.435"/>
  <system-out/>
  <testcase classname="com.sgtesting.ActiTime.scenarios.Demo2" name="closeApplication" time="0.857"/>
  <system-out/>
</testsuite> <!-- com.sgtesting.ActiTime.scenarios.Demo2 -->
