<?xml version="1.0" encoding="UTF-8"?>
<!-- Generated by org.testng.reporters.JUnitReportReporter -->
<testsuite hostname="DESKTOP-S34PMRF" failures="0" tests="8" name="com.sgtesting.ActiTime.scenarios.Demo1" time="27.046" errors="0" timestamp="2021-11-16T22:31:48 IST" skipped="0">
  <testcase classname="com.sgtesting.ActiTime.scenarios.Demo1" name="launchBrowser" time="4.067"/>
  <system-out/>
  <testcase classname="com.sgtesting.ActiTime.scenarios.Demo1" name="navigate" time="2.933"/>
  <system-out/>
  <testcase classname="com.sgtesting.ActiTime.scenarios.Demo1" name="login" time="1.365"/>
  <system-out/>
  <testcase classname="com.sgtesting.ActiTime.scenarios.Demo1" name="minimizeFlyOutWindow" time="1.762"/>
  <system-out/>
  <testcase classname="com.sgtesting.ActiTime.scenarios.Demo1" name="createUser" time="11.586"/>
  <system-out/>
  <testcase classname="com.sgtesting.ActiTime.scenarios.Demo1" name="deleteUser" time="3.284"/>
  <system-out/>
  <testcase classname="com.sgtesting.ActiTime.scenarios.Demo1" name="logout" time="1.440"/>
  <system-out/>
  <testcase classname="com.sgtesting.ActiTime.scenarios.Demo1" name="closeApplication" time="0.609"/>
  <system-out/>
</testsuite> <!-- com.sgtesting.ActiTime.scenarios.Demo1 -->
