<?xml version="1.0" encoding="UTF-8"?>
<!-- Generated by org.testng.reporters.JUnitReportReporter -->
<testsuite hostname="DESKTOP-S34PMRF" failures="0" tests="8" name="com.sgtesting.Testng.scenarios.Demo1" time="31.539" errors="0" timestamp="2021-11-16T23:19:57 IST" skipped="0">
  <testcase classname="com.sgtesting.Testng.scenarios.Demo1" name="launchBrowser" time="5.133"/>
  <system-out/>
  <testcase classname="com.sgtesting.Testng.scenarios.Demo1" name="navigate" time="6.626"/>
  <system-out/>
  <testcase classname="com.sgtesting.Testng.scenarios.Demo1" name="login" time="1.353"/>
  <system-out/>
  <testcase classname="com.sgtesting.Testng.scenarios.Demo1" name="minimizeFlyOutWindow" time="1.655"/>
  <system-out/>
  <testcase classname="com.sgtesting.Testng.scenarios.Demo1" name="createUser" time="11.442"/>
  <system-out/>
  <testcase classname="com.sgtesting.Testng.scenarios.Demo1" name="deleteUser" time="3.268"/>
  <system-out/>
  <testcase classname="com.sgtesting.Testng.scenarios.Demo1" name="logout" time="1.719"/>
  <system-out/>
  <testcase classname="com.sgtesting.Testng.scenarios.Demo1" name="closeApplication" time="0.343"/>
  <system-out/>
</testsuite> <!-- com.sgtesting.Testng.scenarios.Demo1 -->
