<?xml version="1.0" encoding="UTF-8"?>
<!-- Generated by org.testng.reporters.JUnitReportReporter -->
<testsuite hostname="DESKTOP-S34PMRF" failures="0" tests="12" name="com.sgtesting.Testng.scenarios.Assign7" time="69.300" errors="0" timestamp="2021-11-16T23:50:37 IST" skipped="0">
  <testcase classname="com.sgtesting.Testng.scenarios.Assign7" name="launchBrowser" time="1.959"/>
  <system-out/>
  <testcase classname="com.sgtesting.Testng.scenarios.Assign7" name="navigate" time="3.862"/>
  <system-out/>
  <testcase classname="com.sgtesting.Testng.scenarios.Assign7" name="login" time="3.348"/>
  <system-out/>
  <testcase classname="com.sgtesting.Testng.scenarios.Assign7" name="minimizeFlyoutWindow" time="2.115"/>
  <system-out/>
  <testcase classname="com.sgtesting.Testng.scenarios.Assign7" name="CreateCustomer" time="13.379"/>
  <system-out/>
  <testcase classname="com.sgtesting.Testng.scenarios.Assign7" name="createProject" time="6.508"/>
  <system-out/>
  <testcase classname="com.sgtesting.Testng.scenarios.Assign7" name="createTask" time="6.524"/>
  <system-out/>
  <testcase classname="com.sgtesting.Testng.scenarios.Assign7" name="deleteTask" time="8.522"/>
  <system-out/>
  <testcase classname="com.sgtesting.Testng.scenarios.Assign7" name="deleteProject" time="8.493"/>
  <system-out/>
  <testcase classname="com.sgtesting.Testng.scenarios.Assign7" name="deleteCustomer" time="11.509"/>
  <system-out/>
  <testcase classname="com.sgtesting.Testng.scenarios.Assign7" name="logout" time="2.753"/>
  <system-out/>
  <testcase classname="com.sgtesting.Testng.scenarios.Assign7" name="closeApplication" time="0.328"/>
  <system-out/>
</testsuite> <!-- com.sgtesting.Testng.scenarios.Assign7 -->
